submitit INFO (2025-08-03 11:45:47,314) - Starting with JobEnvironment(job_id=5856588_7, hostname=ai-n005, local_rank=0(1), node=0(1), global_rank=0(1))
submitit INFO (2025-08-03 11:45:47,314) - Loading pickle: /bigwork/nhwpmoha/Mighty/Final_Evals/Mighty/hpo/SAC_SMAC/HalfCheetah-v4/seed_0/.submitit/5856588_7/5856588_7_submitted.pkl
Couldn't import CARP-S, the CARP-S Hypersweeper will not be available.
Couldn't import DEHB, the DEHB Hypersweeper will not be available.
Couldn't import HEBO, the HEBO Hypersweeper will not be available.
Couldn't import NEPS, the NEPS Hypersweeper will not be available.
Couldn't import Nevergrad, the Nevergrad Hypersweeper will not be available.
[[36m2025-08-03 11:46:12,505[0m][[34mroot[0m][[32mINFO[0m] - ################################################################################[0m
[[36m2025-08-03 11:46:12,506[0m][[34mroot[0m][[32mINFO[0m] - Using agent type "<mighty.mighty_agents.sac.MightySACAgent object at 0x149871a2e610>" to learn[0m
[[36m2025-08-03 11:46:12,506[0m][[34mroot[0m][[32mINFO[0m] - ################################################################################[0m
╭───────────────────────────── Training Progress ──────────────────────────────╮
│                                                                              │
│                                                                              │
│  Train Steps ━━━━━━━━━━━━━━━━━━━━━ 100% Remaining: 0:00:00 Elapsed: 1:14:59  │
│                                                                              │
│                                                                              │
╰──────────────────────────────────────────────────────────────────────────────╯
                                                                                
             Training Stats                      Training Details               
┏━━━━━━━━━┳━━━━━━━━━┳━━━━━━━━━┳━━━━━━━━┓┏━━━━━━━━━━━━━━━━┳━━━━━━━━━━━━━━━┓      
┃         ┃         ┃ Latest  ┃ Latest ┃┃      Name      ┃     Value     ┃      
┃ Metric  ┃ At step ┃  Mean   ┃  Std   ┃┡━━━━━━━━━━━━━━━━╇━━━━━━━━━━━━━━━┩      
┡━━━━━━━━━╇━━━━━━━━━╇━━━━━━━━━╇━━━━━━━━┩│ Training Steps │    100000     │      
│  Mean   │ 100000  │ 107.46  │ 312.15 ││      Seed      │       1       │      
│ Episode │         │         │        ││ Learning Rate  │ 7.4460641e-05 │      
│ Reward  │         │         │        ││   Batch Size   │      512      │      
╭──────────────────────────────────────╮╭──────────────────────────────────────╮
│                        Training      ││                       Evaluation     │
│ Reward                               ││ Reward                               │
│ ┌─────────────────────────────────── ││ ┌─────────────────────────────────── │
│ ─────────────────────────┐           ││ ─────────────────────────┐           │
│ ││                                   ││ ││                                   │
│ ▗▀│                                  ││ ▐│                                   │
│ ││                                   ││ ││                                   │
╰──────────────────────────────────────╯╰──────────────────────────────────────╯Training finished!
Reached a reward of 756.45 in 100000 steps and 4564.39s.
submitit INFO (2025-08-03 13:02:16,901) - Job completed successfully
[[36m2025-08-03 13:02:16,901[0m][[34msubmitit[0m][[32mINFO[0m] - Job completed successfully[0m
submitit INFO (2025-08-03 13:02:16,920) - Exiting after successful completion
[[36m2025-08-03 13:02:16,920[0m][[34msubmitit[0m][[32mINFO[0m] - Exiting after successful completion[0m
